0 info it worked if it ends with ok
1 verbose cli [ '/usr/bin/nodejs', '/usr/bin/npm', 'run', 'production' ]
2 info using npm@3.10.10
3 info using node@v6.10.2
4 verbose run-script [ 'preproduction', 'production', 'postproduction' ]
5 info lifecycle webpack-learning@1.0.0~preproduction: webpack-learning@1.0.0
6 silly lifecycle webpack-learning@1.0.0~preproduction: no script for preproduction, continuing
7 info lifecycle webpack-learning@1.0.0~production: webpack-learning@1.0.0
8 verbose lifecycle webpack-learning@1.0.0~production: unsafe-perm in lifecycle true
9 verbose lifecycle webpack-learning@1.0.0~production: PATH: /usr/lib/node_modules/npm/bin/node-gyp-bin:/home/vagrant/projects/webpack-learning/node_modules/.bin:/home/vagrant/.composer/vendor/bin:/home/vagrant/bin:/home/vagrant/.local/bin:/usr/local/sbin:/usr/local/bin:/usr/sbin:/usr/bin:/sbin:/bin:/usr/games:/usr/local/games:/snap/bin
10 verbose lifecycle webpack-learning@1.0.0~production: CWD: /home/vagrant/projects/webpack-learning
11 silly lifecycle webpack-learning@1.0.0~production: Args: [ '-c', 'set NODE_ENV=production&&webpack' ]
12 silly lifecycle webpack-learning@1.0.0~production: Returned: code: 2  signal: null
13 info lifecycle webpack-learning@1.0.0~production: Failed to exec production script
14 verbose stack Error: webpack-learning@1.0.0 production: `set NODE_ENV=production&&webpack`
14 verbose stack Exit status 2
14 verbose stack     at EventEmitter.<anonymous> (/usr/lib/node_modules/npm/lib/utils/lifecycle.js:255:16)
14 verbose stack     at emitTwo (events.js:106:13)
14 verbose stack     at EventEmitter.emit (events.js:191:7)
14 verbose stack     at ChildProcess.<anonymous> (/usr/lib/node_modules/npm/lib/utils/spawn.js:40:14)
14 verbose stack     at emitTwo (events.js:106:13)
14 verbose stack     at ChildProcess.emit (events.js:191:7)
14 verbose stack     at maybeClose (internal/child_process.js:886:16)
14 verbose stack     at Process.ChildProcess._handle.onexit (internal/child_process.js:226:5)
15 verbose pkgid webpack-learning@1.0.0
16 verbose cwd /home/vagrant/projects/webpack-learning
17 error Linux 4.4.0-66-generic
18 error argv "/usr/bin/nodejs" "/usr/bin/npm" "run" "production"
19 error node v6.10.2
20 error npm  v3.10.10
21 error code ELIFECYCLE
22 error webpack-learning@1.0.0 production: `set NODE_ENV=production&&webpack`
22 error Exit status 2
23 error Failed at the webpack-learning@1.0.0 production script 'set NODE_ENV=production&&webpack'.
23 error Make sure you have the latest version of node.js and npm installed.
23 error If you do, this is most likely a problem with the webpack-learning package,
23 error not with npm itself.
23 error Tell the author that this fails on your system:
23 error     set NODE_ENV=production&&webpack
23 error You can get information on how to open an issue for this project with:
23 error     npm bugs webpack-learning
23 error Or if that isn't available, you can get their info via:
23 error     npm owner ls webpack-learning
23 error There is likely additional logging output above.
24 verbose exit [ 1, true ]
